<?xml version="1.0" encoding="UTF-8"?>
<!-- Generated by org.testng.reporters.JUnitXMLReporter -->
<testsuite hostname="omkar" name="Test" tests="1" failures="1" timestamp="5 Jan 2022 11:44:46 GMT" time="41.097" errors="0">
  <testcase name="TestVtigerLogin" time="41.049" classname="VtigerAutomation.Test_vtiger">
    <failure type="org.openqa.selenium.NoSuchElementException" message="Cannot locate element with text: Mr.
For documentation on this error, please visit: http://seleniumhq.org/exceptions/no_such_element.html
Build info: version: &amp;apos;3.14.0&amp;apos;, revision: &amp;apos;aacccce0&amp;apos;, time: &amp;apos;2018-08-02T20:19:58.91Z&amp;apos;
System info: host: &amp;apos;OMKAR&amp;apos;, ip: &amp;apos;192.168.21.57&amp;apos;, os.name: &amp;apos;Windows 10&amp;apos;, os.arch: &amp;apos;amd64&amp;apos;, os.version: &amp;apos;10.0&amp;apos;, java.version: &amp;apos;1.8.0_301&amp;apos;
Driver info: driver.version: unknown">
      <![CDATA[org.openqa.selenium.NoSuchElementException: Cannot locate element with text: Mr.
For documentation on this error, please visit: http://seleniumhq.org/exceptions/no_such_element.html
Build info: version: '3.14.0', revision: 'aacccce0', time: '2018-08-02T20:19:58.91Z'
System info: host: 'OMKAR', ip: '192.168.21.57', os.name: 'Windows 10', os.arch: 'amd64', os.version: '10.0', java.version: '1.8.0_301'
Driver info: driver.version: unknown
	at org.openqa.selenium.support.ui.Select.selectByVisibleText(Select.java:151)
	at utilites.SeleniumUtility.handleHtmlDropdownListWithVisibleText(SeleniumUtility.java:147)
	at VtigerAutomation.Test_vtiger.TestVtigerLogin(Test_vtiger.java:29)
... Removed 24 stack frames]]>
    </failure>
  </testcase> <!-- TestVtigerLogin -->
</testsuite> <!-- Test -->
